Hostname: b-31-7
/scratch/zz3645/conda_envs/nlp_env/bin/python
Python 3.10.19
CUDA visible devices: 0
Torch Seed Specified with rank: 0
Dataset: mrpc_emb
Dataset Path: ./scripts
Namespace(seed=0, mp_distributed=False, world_size=1, rank=0, dist_url='tcp://224.66.41.62:23456', dist_backend='nccl', workers=0, gpu=None, root='./scripts', dataset='mrpc_emb', arch='text_transformer', lr=0.001, inner_optim='Adam', outer_optim='Adam', inner_lr=0.001, label_lr_scale=1, num_per_class=10, batch_per_class=5, task_sampler_nc=2, window=20, minwindow=0, totwindow=20, num_train_eval=4, train_y=False, batch_size=200, eps=1e-08, wd=0, test_freq=5, print_freq=20, start_epoch=0, epochs=0, ddtype='standard', cctype=0, zca=False, wandb=False, clip_coef=0.9, fname='mrpc_ipc10_debug', name='mrpc_ipc10_debug', comp_aug=False, comp_aug_real=False, syn_strategy='none', real_strategy='none', ckptname='none', limit_train=False, load_ckpt=False, complete_random=False, boost_dd=True, boost_init_from='out_step5_ipc5_s0_tf_adamlr.h5', boost_beta=0.0, stage=1, width=256, distributed=False, data_root='./scripts/mrpc_emb')
==> Preparing data..
mrpc_emb
None None
Dataset: number of classes: 2
Training set size: 3668
Image size: channel 1, height 768, width 1
Boost-DD warm start from out_step5_ipc5_s0_tf_adamlr.h5
Boost-DD: warmed start prev_ipc=5 per class; curr_ipc=10 per class; num_classes=2
Synthetic images, not_single False, keys []
==> Building model..
Initialized data with size, x: torch.Size([20, 768]), y:torch.Size([20])
TextTransformer(
  (input_proj): Linear(in_features=192, out_features=256, bias=True)
  (encoder): TransformerEncoder(
    (layers): ModuleList(
      (0-1): 2 x TransformerEncoderLayer(
        (self_attn): MultiheadAttention(
          (out_proj): NonDynamicallyQuantizableLinear(in_features=256, out_features=256, bias=True)
        )
        (linear1): Linear(in_features=256, out_features=1024, bias=True)
        (dropout): Dropout(p=0.1, inplace=False)
        (linear2): Linear(in_features=1024, out_features=256, bias=True)
        (norm1): LayerNorm((256,), eps=1e-05, elementwise_affine=True)
        (norm2): LayerNorm((256,), eps=1e-05, elementwise_affine=True)
        (dropout1): Dropout(p=0.1, inplace=False)
        (dropout2): Dropout(p=0.1, inplace=False)
      )
    )
  )
  (cls_head): Linear(in_features=256, out_features=2, bias=True)
)
use data parallel only
=== Final results:
{}
