Hostname: b-31-196
Python:
/scratch/zz3645/conda_envs/nlp_env/bin/python
Python 3.10.19
CUDA visible devices: 0
Task ID: 0
Config: IPC=1, window=10, seed=0
Found checkpoint: out_IPC_1_no_cu_10mrpc_mlp4_ipc1_w10.pth
Using device: cuda
Loading validation data from ./scripts/mrpc_emb...
Val set shape: x=(408, 768), y=(408,)
Loading synthetic data from out_IPC_1_no_cu_10mrpc_mlp4_ipc1_w10.pth...
Synthetic set shape: X=(2, 768), y=(2,)
Training fresh TextMLP on synthetic set and evaluating on real MRPC val...
[Epoch 200/1000] train_loss=0.0000 val_acc=70.59%
[Epoch 400/1000] train_loss=0.0000 val_acc=70.59%
[Epoch 600/1000] train_loss=0.0000 val_acc=70.59%
[Epoch 800/1000] train_loss=0.0000 val_acc=70.59%
[Epoch 1000/1000] train_loss=0.0000 val_acc=70.59%

=== FINAL DISTILLED-SET ACCURACY ON MRPC VAL: 70.59% ===
Eval exit code: 0
